  main.cpp
E:\VisualProjects\graphics\graphics\main.cpp(38,39): warning C4244: аргумент: преобразование "int" в "T", возможна потеря данных
          with
          [
              T=float
          ]
E:\VisualProjects\graphics\graphics\main.cpp(38,31): warning C4244: аргумент: преобразование "int" в "T", возможна потеря данных
          with
          [
              T=float
          ]
E:\VisualProjects\graphics\graphics\main.cpp(43,33): warning C4244: аргумент: преобразование "int" в "float", возможна потеря данных
E:\VisualProjects\graphics\graphics\main.cpp(43,30): warning C4244: аргумент: преобразование "int" в "float", возможна потеря данных
C:\Program Files (x86)\Microsoft Visual Studio\2019\Community\VC\Tools\MSVC\14.29.30133\include\thread(55,14): error C2672: "invoke": не найдена соответствующая перегруженная функция
C:\Program Files (x86)\Microsoft Visual Studio\2019\Community\VC\Tools\MSVC\14.29.30133\include\thread(61): message : выполняется компиляция ссылки на экземпляр шаблон функции "unsigned int std::thread::_Invoke<_Tuple,0>(void *) noexcept"
          with
          [
              _Tuple=_Tuple
          ]
C:\Program Files (x86)\Microsoft Visual Studio\2019\Community\VC\Tools\MSVC\14.29.30133\include\thread(66): message : выполняется компиляция ссылки на экземпляр шаблон функции "unsigned int (__cdecl *std::thread::_Get_invoke<_Tuple,0>(std::integer_sequence<size_t,0>) noexcept)(void *)"
C:\Program Files (x86)\Microsoft Visual Studio\2019\Community\VC\Tools\MSVC\14.29.30133\include\thread(89): message : выполняется компиляция ссылки на экземпляр шаблон функции "void std::thread::_Start<void(__cdecl &)(int),>(_Fn)"
          with
          [
              _Fn=void (__cdecl &)(int)
          ]
E:\VisualProjects\graphics\graphics\main.cpp(60): message : выполняется компиляция ссылки на экземпляр шаблон функции "std::thread::thread<void(__cdecl &)(int),,0>(_Fn)"
          with
          [
              _Fn=void (__cdecl &)(int)
          ]
C:\Program Files (x86)\Microsoft Visual Studio\2019\Community\VC\Tools\MSVC\14.29.30133\include\thread(51,5): error C2893: Сбой при специализации функции-шаблона "unknown-type std::invoke(_Callable &&) noexcept(<expr>)".
C:\Program Files (x86)\Microsoft Visual Studio\2019\Community\VC\Tools\MSVC\14.29.30133\include\type_traits(1583): message : см. объявление "std::invoke"
C:\Program Files (x86)\Microsoft Visual Studio\2019\Community\VC\Tools\MSVC\14.29.30133\include\thread(51,5): message : Со следующими аргументами шаблона:
C:\Program Files (x86)\Microsoft Visual Studio\2019\Community\VC\Tools\MSVC\14.29.30133\include\thread(51,5): message : "_Callable=void (__cdecl *)(int)"
